d:\mydata\backupfile\importance\mycode\project\10_scdtool\scdtool\prj\picoc\debug\vc142.pdb
d:\mydata\backupfile\importance\mycode\project\10_scdtool\scdtool\prj\picoc\debug\vc142.idb
d:\mydata\backupfile\importance\mycode\project\10_scdtool\scdtool\prj\picoc\debug\iic.obj
d:\mydata\backupfile\importance\mycode\project\10_scdtool\scdtool\prj\picoc\debug\platform_msvc.obj
d:\mydata\backupfile\importance\mycode\project\10_scdtool\scdtool\prj\picoc\debug\library_msvc.obj
d:\mydata\backupfile\importance\mycode\project\10_scdtool\scdtool\prj\picoc\debug\platform.obj
d:\mydata\backupfile\importance\mycode\project\10_scdtool\scdtool\prj\picoc\debug\picoc.obj
d:\mydata\backupfile\importance\mycode\project\10_scdtool\scdtool\prj\picoc\debug\parse.obj
d:\mydata\backupfile\importance\mycode\project\10_scdtool\scdtool\prj\picoc\debug\lex.obj
d:\mydata\backupfile\importance\mycode\project\10_scdtool\scdtool\prj\picoc\debug\include.obj
d:\mydata\backupfile\importance\mycode\project\10_scdtool\scdtool\prj\picoc\debug\heap.obj
d:\mydata\backupfile\importance\mycode\project\10_scdtool\scdtool\prj\picoc\debug\expression.obj
d:\mydata\backupfile\importance\mycode\project\10_scdtool\scdtool\prj\picoc\debug\debug.obj
d:\mydata\backupfile\importance\mycode\project\10_scdtool\scdtool\prj\picoc\debug\time.obj
d:\mydata\backupfile\importance\mycode\project\10_scdtool\scdtool\prj\picoc\debug\string.obj
d:\mydata\backupfile\importance\mycode\project\10_scdtool\scdtool\prj\picoc\debug\stdlib.obj
d:\mydata\backupfile\importance\mycode\project\10_scdtool\scdtool\prj\picoc\debug\stdio.obj
d:\mydata\backupfile\importance\mycode\project\10_scdtool\scdtool\prj\picoc\debug\stdbool.obj
d:\mydata\backupfile\importance\mycode\project\10_scdtool\scdtool\prj\picoc\debug\math.obj
d:\mydata\backupfile\importance\mycode\project\10_scdtool\scdtool\prj\picoc\debug\errno.obj
d:\mydata\backupfile\importance\mycode\project\10_scdtool\scdtool\prj\picoc\debug\ctype.obj
d:\mydata\backupfile\importance\mycode\project\10_scdtool\scdtool\prj\picoc\debug\clibrary.obj
d:\mydata\backupfile\importance\mycode\project\10_scdtool\scdtool\prj\picoc\debug\variable.obj
d:\mydata\backupfile\importance\mycode\project\10_scdtool\scdtool\prj\picoc\debug\type.obj
d:\mydata\backupfile\importance\mycode\project\10_scdtool\scdtool\prj\picoc\debug\table.obj
d:\mydata\backupfile\importance\mycode\project\10_scdtool\scdtool\prj\debug\picoc.ilk
d:\mydata\backupfile\importance\mycode\project\10_scdtool\scdtool\prj\debug\picoc.dll
d:\mydata\backupfile\importance\mycode\project\10_scdtool\scdtool\prj\debug\picoc.pdb
d:\mydata\backupfile\importance\mycode\project\10_scdtool\scdtool\prj\debug\picoc.lib
d:\mydata\backupfile\importance\mycode\project\10_scdtool\scdtool\prj\debug\picoc.exp
d:\mydata\backupfile\importance\mycode\project\10_scdtool\scdtool\prj\picoc\debug\picoc.tlog\cl.command.1.tlog
d:\mydata\backupfile\importance\mycode\project\10_scdtool\scdtool\prj\picoc\debug\picoc.tlog\cl.read.1.tlog
d:\mydata\backupfile\importance\mycode\project\10_scdtool\scdtool\prj\picoc\debug\picoc.tlog\cl.write.1.tlog
d:\mydata\backupfile\importance\mycode\project\10_scdtool\scdtool\prj\picoc\debug\picoc.tlog\link.command.1.tlog
d:\mydata\backupfile\importance\mycode\project\10_scdtool\scdtool\prj\picoc\debug\picoc.tlog\link.read.1.tlog
d:\mydata\backupfile\importance\mycode\project\10_scdtool\scdtool\prj\picoc\debug\picoc.tlog\link.write.1.tlog
d:\mydata\backupfile\importance\mycode\project\10_scdtool\scdtool\prj\picoc\debug\picoc.tlog\picoc.write.1u.tlog
